<?xml version="1.0" encoding="utf-8" standalone="no"?>
<!--This file represents the results of running a test suite-->
<test-results name="C:\work\das\das-providerpayments\src\calculator\SFA.DAS.ProviderPayments.Calc.LevyPayments.IntegrationTests\bin\Debug\SFA.DAS.ProviderPayments.Calc.LevyPayments.IntegrationTests.dll" total="7" errors="0" failures="0" not-run="0" inconclusive="0" ignored="0" skipped="0" invalid="0" date="2016-09-14" time="15:43:10">
  <environment nunit-version="3.4.1.0" clr-version="4.0.30319.42000" os-version="Microsoft Windows NT 6.3.9600.0" platform="Win32NT" cwd="C:\work\das\das-providerpayments\src\calculator" machine-name="WIN-SQEM9PTN7UL" user="Administrator" user-domain="WIN-SQEM9PTN7UL" />
  <culture-info current-culture="en-GB" current-uiculture="en-US" />
  <test-suite type="Assembly" name="C:\work\das\das-providerpayments\src\calculator\SFA.DAS.ProviderPayments.Calc.LevyPayments.IntegrationTests\bin\Debug\SFA.DAS.ProviderPayments.Calc.LevyPayments.IntegrationTests.dll" executed="True" result="Success" success="True" time="2.470" asserts="14">
    <properties>
      <property name="_PID" value="9604" />
      <property name="_APPDOMAIN" value="test-domain-SFA.DAS.ProviderPayments.Calc.LevyPayments.IntegrationTests.dll" />
    </properties>
    <results>
      <test-suite type="TestSuite" name="SFA" executed="True" result="Success" success="True" time="2.435" asserts="14">
        <results>
          <test-suite type="TestSuite" name="DAS" executed="True" result="Success" success="True" time="2.427" asserts="14">
            <results>
              <test-suite type="TestSuite" name="ProviderPayments" executed="True" result="Success" success="True" time="2.421" asserts="14">
                <results>
                  <test-suite type="TestSuite" name="Calc" executed="True" result="Success" success="True" time="2.415" asserts="14">
                    <results>
                      <test-suite type="TestSuite" name="LevyPayments" executed="True" result="Success" success="True" time="2.408" asserts="14">
                        <results>
                          <test-suite type="SetUpFixture" name="IntegrationTests" executed="True" result="Success" success="True" time="2.401" asserts="14">
                            <results>
                              <test-suite type="TestSuite" name="FinishOnTime" executed="True" result="Success" success="True" time="1.293" asserts="14">
                                <results>
                                  <test-suite type="TestFixture" name="WhenThereIsEnoughLevyInTheAccount" executed="True" result="Success" success="True" time="1.289" asserts="14">
                                    <results>
                                      <test-case name="SFA.DAS.ProviderPayments.Calc.LevyPayments.IntegrationTests.FinishOnTime.WhenThereIsEnoughLevyInTheAccount.ThenASinglePaymentOfLevyIsMadeForTheEarningsWhereLearningIsNotComplete" executed="True" result="Success" success="True" time="1.142" asserts="5" />
                                      <test-case name="SFA.DAS.ProviderPayments.Calc.LevyPayments.IntegrationTests.FinishOnTime.WhenThereIsEnoughLevyInTheAccount.ThenThereShouldBeACompletionPaymentAndALearningPaymentWhereLearningIsCompleteOnTheCensusDate" executed="True" result="Success" success="True" time="0.069" asserts="4" />
                                      <test-case name="SFA.DAS.ProviderPayments.Calc.LevyPayments.IntegrationTests.FinishOnTime.WhenThereIsEnoughLevyInTheAccount.ThenThereShouldBeACompletionPaymentWhereLearningIsComplete" executed="True" result="Success" success="True" time="0.061" asserts="5" />
                                    </results>
                                  </test-suite>
                                </results>
                              </test-suite>
                            </results>
                          </test-suite>
                        </results>
                      </test-suite>
                    </results>
                  </test-suite>
                </results>
              </test-suite>
            </results>
          </test-suite>
        </results>
      </test-suite>
    </results>
  </test-suite>
  <test-suite type="Assembly" name="C:\work\das\das-providerpayments\src\calculator\SFA.DAS.ProviderPayments.Calc.PaymentSchedule.IntegrationTests\bin\Debug\SFA.DAS.ProviderPayments.Calc.PaymentSchedule.IntegrationTests.dll" executed="True" result="Success" success="True" time="2.628" asserts="14">
    <properties>
      <property name="_PID" value="4896" />
      <property name="_APPDOMAIN" value="test-domain-SFA.DAS.ProviderPayments.Calc.PaymentSchedule.IntegrationTests.dll" />
    </properties>
    <results>
      <test-suite type="TestSuite" name="SFA" executed="True" result="Success" success="True" time="2.587" asserts="14">
        <results>
          <test-suite type="TestSuite" name="DAS" executed="True" result="Success" success="True" time="2.579" asserts="14">
            <results>
              <test-suite type="TestSuite" name="ProviderPayments" executed="True" result="Success" success="True" time="2.574" asserts="14">
                <results>
                  <test-suite type="TestSuite" name="Calc" executed="True" result="Success" success="True" time="2.559" asserts="14">
                    <results>
                      <test-suite type="TestSuite" name="PaymentSchedule" executed="True" result="Success" success="True" time="2.555" asserts="14">
                        <results>
                          <test-suite type="SetUpFixture" name="IntegrationTests" executed="True" result="Success" success="True" time="2.549" asserts="14">
                            <results>
                              <test-suite type="TestSuite" name="FinishedOnTime" executed="True" result="Success" success="True" time="1.334" asserts="14">
                                <results>
                                  <test-suite type="TestFixture" name="WhenSchedulingPayments" executed="True" result="Success" success="True" time="1.331" asserts="14">
                                    <results>
                                      <test-case name="SFA.DAS.ProviderPayments.Calc.PaymentSchedule.IntegrationTests.FinishedOnTime.WhenSchedulingPayments.ThenACompletionPaymentIsScheduledForTheEarningsWhenTheLearningIsComplete" executed="True" result="Success" success="True" time="1.151" asserts="4" />
                                      <test-case name="SFA.DAS.ProviderPayments.Calc.PaymentSchedule.IntegrationTests.FinishedOnTime.WhenSchedulingPayments.ThenALearningPaymentAndACompletionPaymentAreScheduledForTheEarningsWhenTheLearningIsCompletedOnACensusDate" executed="True" result="Success" success="True" time="0.060" asserts="4" />
                                      <test-case name="SFA.DAS.ProviderPayments.Calc.PaymentSchedule.IntegrationTests.FinishedOnTime.WhenSchedulingPayments.ThenALearningPaymentIsScheduledForTheEarningsWhenTheLearningIsNotComplete" executed="True" result="Success" success="True" time="0.049" asserts="4" />
                                      <test-case name="SFA.DAS.ProviderPayments.Calc.PaymentSchedule.IntegrationTests.FinishedOnTime.WhenSchedulingPayments.ThenNoPaymentIsScheduledForACollectionPeriodOutsideTheLearningPeriod" executed="True" result="Success" success="True" time="0.047" asserts="2" />
                                    </results>
                                  </test-suite>
                                </results>
                              </test-suite>
                            </results>
                          </test-suite>
                        </results>
                      </test-suite>
                    </results>
                  </test-suite>
                </results>
              </test-suite>
            </results>
          </test-suite>
        </results>
      </test-suite>
    </results>
  </test-suite>
</test-results>